Using pre-set license
Built from '2020.3/staging' branch; Version is '2020.3.10f1 (297d780c91bc) revision 2719096'; Using compiler version '192528614'; Build Type 'Release'
OS: 'Windows 10 Pro; OS build 19042.985; Version 2009; 64bit' Language: 'en' Physical Memory: 16317 MB
BatchMode: 1, IsHumanControllingUs: 0, StartBugReporterOnCrash: 0, Is64bit: 1, IsPro: 0

 COMMAND LINE ARGUMENTS:
C:\Program Files\Unity\Hub\Editor\2020.3.10f1\Editor\Unity.exe
-adb2
-batchMode
-noUpm
-name
AssetImportWorker0
-projectPath
C:/Users/umesh/quizapp
-logFile
Logs/AssetImportWorker0.log
-srvPort
51571
Successfully changed project path to: C:/Users/umesh/quizapp
C:/Users/umesh/quizapp
Using Asset Import Pipeline V2.
Refreshing native plugins compatible for Editor in 49.49 ms, found 3 plugins.
Preloading 0 native plugins for Editor in 0.00 ms.
Initialize engine version: 2020.3.10f1 (297d780c91bc)
[Subsystems] Discovering subsystems at path C:/Program Files/Unity/Hub/Editor/2020.3.10f1/Editor/Data/Resources/UnitySubsystems
[Subsystems] Discovering subsystems at path C:/Users/umesh/quizapp/Assets
GfxDevice: creating device client; threaded=0
Direct3D:
    Version:  Direct3D 11.0 [level 11.1]
    Renderer: NVIDIA GeForce GTX 1060 3GB (ID=0x1c02)
    Vendor:   
    VRAM:     2988 MB
    Driver:   27.21.14.5671
Initialize mono
Mono path[0] = 'C:/Program Files/Unity/Hub/Editor/2020.3.10f1/Editor/Data/Managed'
Mono path[1] = 'C:/Program Files/Unity/Hub/Editor/2020.3.10f1/Editor/Data/MonoBleedingEdge/lib/mono/unityjit'
Mono config path = 'C:/Program Files/Unity/Hub/Editor/2020.3.10f1/Editor/Data/MonoBleedingEdge/etc'
Using monoOptions --debugger-agent=transport=dt_socket,embedding=1,server=y,suspend=n,address=127.0.0.1:56164
Begin MonoManager ReloadAssembly
Registering precompiled unity dll's ...
Register platform support module: C:/Program Files/Unity/Hub/Editor/2020.3.10f1/Editor/Data/PlaybackEngines/WindowsStandaloneSupport/UnityEditor.WindowsStandalone.Extensions.dll
Registered in 0.002254 seconds.
Native extension for WindowsStandalone target not found
Refreshing native plugins compatible for Editor in 42.63 ms, found 3 plugins.
Preloading 0 native plugins for Editor in 0.00 ms.
Mono: successfully reloaded assembly
- Completed reload, in  2.006 seconds
Platform modules already initialized, skipping
Registering precompiled user dll's ...
Registered in 0.005279 seconds.
Begin MonoManager ReloadAssembly
Native extension for WindowsStandalone target not found
Refreshing native plugins compatible for Editor in 45.33 ms, found 3 plugins.
Preloading 0 native plugins for Editor in 0.00 ms.
Mono: successfully reloaded assembly
- Completed reload, in  1.295 seconds
Platform modules already initialized, skipping
========================================================================
Worker process is ready to serve import requests
Launched and connected shader compiler UnityShaderCompiler.exe after 0.06 seconds
Refreshing native plugins compatible for Editor in 0.55 ms, found 3 plugins.
Preloading 0 native plugins for Editor in 0.00 ms.
Unloading 2080 Unused Serialized files (Serialized files now loaded: 0)
System memory in use before: 92.8 MB.
System memory in use after: 92.9 MB.

Unloading 28 unused Assets to reduce memory usage. Loaded Objects now: 2518.
Total: 2.705100 ms (FindLiveObjects: 0.274500 ms CreateObjectMapping: 0.099700 ms MarkObjects: 2.204800 ms  DeleteObjects: 0.125000 ms)

========================================================================
Received Import Request.
  path: Assets/quizgame
  artifactKey: Guid(d50402316f1ca354e958e6004c6170c4) Importer(815301076,1909f56bfc062723c751e8b465ee728b)
Start importing Assets/quizgame using Guid(d50402316f1ca354e958e6004c6170c4) Importer(815301076,1909f56bfc062723c751e8b465ee728b)  -> (artifact id: '4412b00dc0b4c15aff411d736465c772') in 0.011734 seconds
  Import took 0.015739 seconds .

========================================================================
Received Import Request.
  Time since last request: 0.000352 seconds.
  path: Assets/quizgame/options.svg
  artifactKey: Guid(1c91d1ac1d43e2d40a68ac31b2f39344) Importer(815301076,1909f56bfc062723c751e8b465ee728b)
Start importing Assets/quizgame/options.svg using Guid(1c91d1ac1d43e2d40a68ac31b2f39344) Importer(815301076,1909f56bfc062723c751e8b465ee728b)  -> (artifact id: '789d8f9edc3ff5c76c52885469554a58') in 0.054187 seconds
  Import took 0.059060 seconds .

========================================================================
Received Import Request.
  Time since last request: 0.000382 seconds.
  path: Assets/quizgame/homebutton.svg
  artifactKey: Guid(da91a271df355db4fb311098bb053b16) Importer(815301076,1909f56bfc062723c751e8b465ee728b)
Start importing Assets/quizgame/homebutton.svg using Guid(da91a271df355db4fb311098bb053b16) Importer(815301076,1909f56bfc062723c751e8b465ee728b)  -> (artifact id: '9ba87ee1f61f61e7def486fec121f8ab') in 0.009742 seconds
  Import took 0.015539 seconds .

========================================================================
Received Import Request.
  Time since last request: 501.084756 seconds.
  path: Assets/quizgame/test.png
  artifactKey: Guid(f3c03f030f24fc14ab068b861e182513) Importer(815301076,1909f56bfc062723c751e8b465ee728b)
Start importing Assets/quizgame/test.png using Guid(f3c03f030f24fc14ab068b861e182513) Importer(815301076,1909f56bfc062723c751e8b465ee728b)  -> (artifact id: '45e217a34e1cdef16d4062ed5c9b2b46') in 0.113858 seconds
  Import took 0.121619 seconds .

========================================================================
Received Import Request.
  Time since last request: 348.581534 seconds.
  path: Assets/quizgame/homebutton.png
  artifactKey: Guid(291b569830e71fd47ae8c31604740952) Importer(815301076,1909f56bfc062723c751e8b465ee728b)
Start importing Assets/quizgame/homebutton.png using Guid(291b569830e71fd47ae8c31604740952) Importer(815301076,1909f56bfc062723c751e8b465ee728b)  -> (artifact id: '5de0e0f5206b8dc52908ed48f24e0bba') in 0.033592 seconds
  Import took 0.044156 seconds .

========================================================================
Received Import Request.
  Time since last request: 0.000224 seconds.
  path: Assets/quizgame/test.png
  artifactKey: Guid(f3c03f030f24fc14ab068b861e182513) Importer(815301076,1909f56bfc062723c751e8b465ee728b)
Start importing Assets/quizgame/test.png using Guid(f3c03f030f24fc14ab068b861e182513) Importer(815301076,1909f56bfc062723c751e8b465ee728b)  -> (artifact id: '44b49efaf200b5d912a8c415bcd519a0') in 0.025735 seconds
  Import took 0.045568 seconds .

========================================================================
Received Import Request.
  Time since last request: 33.435831 seconds.
  path: Assets/quizgame/homebutton.png
  artifactKey: Guid(291b569830e71fd47ae8c31604740952) Importer(815301076,1909f56bfc062723c751e8b465ee728b)
Start importing Assets/quizgame/homebutton.png using Guid(291b569830e71fd47ae8c31604740952) Importer(815301076,1909f56bfc062723c751e8b465ee728b)  -> (artifact id: '2e56c24bab4c60a3a9164250cd40dac2') in 0.026174 seconds
  Import took 0.045013 seconds .

========================================================================
Received Import Request.
  Time since last request: 0.000275 seconds.
  path: Assets/quizgame/test.png
  artifactKey: Guid(f3c03f030f24fc14ab068b861e182513) Importer(815301076,1909f56bfc062723c751e8b465ee728b)
Start importing Assets/quizgame/test.png using Guid(f3c03f030f24fc14ab068b861e182513) Importer(815301076,1909f56bfc062723c751e8b465ee728b)  -> (artifact id: '08bf98e4475baee559c01c84a87aeb02') in 0.026747 seconds
  Import took 0.033998 seconds .

========================================================================
Received Prepare
Registering precompiled user dll's ...
Registered in 0.005057 seconds.
Begin MonoManager ReloadAssembly
Native extension for WindowsStandalone target not found
Refreshing native plugins compatible for Editor in 0.47 ms, found 3 plugins.
Preloading 0 native plugins for Editor in 0.00 ms.
Mono: successfully reloaded assembly
- Completed reload, in  1.171 seconds
Platform modules already initialized, skipping
Switching build target platform(19) subTarget(0) extendedPlatform(0) -> platform(13) subTarget(537395200) extendedPlatform(0)
Refreshing native plugins compatible for Editor in 0.47 ms, found 3 plugins.
Preloading 0 native plugins for Editor in 0.00 ms.
Unloading 2074 Unused Serialized files (Serialized files now loaded: 0)
System memory in use before: 95.3 MB.
System memory in use after: 95.4 MB.

Unloading 17 unused Assets to reduce memory usage. Loaded Objects now: 2531.
Total: 2.638000 ms (FindLiveObjects: 0.195000 ms CreateObjectMapping: 0.080900 ms MarkObjects: 2.301900 ms  DeleteObjects: 0.059200 ms)

AssetImportParameters requested are different than current active one (requested -> active):
  custom:graphics/normal-map-encoding: 01000000000000000000000000000000 -> 02000000000000000000000000000000
========================================================================
Received Prepare
Registering precompiled user dll's ...
Registered in 0.005303 seconds.
Begin MonoManager ReloadAssembly
Native extension for WindowsStandalone target not found
Refreshing native plugins compatible for Editor in 0.56 ms, found 3 plugins.
Preloading 0 native plugins for Editor in 0.00 ms.
Mono: successfully reloaded assembly
- Completed reload, in  1.183 seconds
Platform modules already initialized, skipping
Switching build target platform(19) subTarget(0) extendedPlatform(0) -> platform(13) subTarget(537395200) extendedPlatform(0)
Refreshing native plugins compatible for Editor in 0.47 ms, found 3 plugins.
Preloading 0 native plugins for Editor in 0.00 ms.
Unloading 2074 Unused Serialized files (Serialized files now loaded: 0)
System memory in use before: 95.4 MB.
System memory in use after: 95.5 MB.

Unloading 17 unused Assets to reduce memory usage. Loaded Objects now: 2534.
Total: 2.278600 ms (FindLiveObjects: 0.214400 ms CreateObjectMapping: 0.116500 ms MarkObjects: 1.925000 ms  DeleteObjects: 0.021500 ms)

AssetImportParameters requested are different than current active one (requested -> active):
  custom:graphics/normal-map-encoding: 01000000000000000000000000000000 -> 02000000000000000000000000000000
========================================================================
Received Import Request.
  Time since last request: 749.856329 seconds.
  path: Assets
  artifactKey: Guid(00000000000000001000000000000000) Importer(815301076,1909f56bfc062723c751e8b465ee728b)
Start importing Assets using Guid(00000000000000001000000000000000) Importer(815301076,1909f56bfc062723c751e8b465ee728b)  -> (artifact id: '42d402b061de3733987d63b9cc3b64de') in 0.010758 seconds
  Import took 0.015052 seconds .

========================================================================
Received Prepare
Registering precompiled user dll's ...
Registered in 0.005203 seconds.
Begin MonoManager ReloadAssembly
Native extension for WindowsStandalone target not found
Refreshing native plugins compatible for Editor in 0.52 ms, found 3 plugins.
Preloading 0 native plugins for Editor in 0.00 ms.
Mono: successfully reloaded assembly
- Completed reload, in  1.205 seconds
Platform modules already initialized, skipping
Switching build target platform(19) subTarget(0) extendedPlatform(0) -> platform(13) subTarget(537395200) extendedPlatform(0)
Refreshing native plugins compatible for Editor in 0.47 ms, found 3 plugins.
Preloading 0 native plugins for Editor in 0.00 ms.
Unloading 2074 Unused Serialized files (Serialized files now loaded: 0)
System memory in use before: 95.4 MB.
System memory in use after: 95.5 MB.

Unloading 17 unused Assets to reduce memory usage. Loaded Objects now: 2537.
Total: 2.749500 ms (FindLiveObjects: 0.205700 ms CreateObjectMapping: 0.092800 ms MarkObjects: 2.397400 ms  DeleteObjects: 0.052100 ms)

AssetImportParameters requested are different than current active one (requested -> active):
  custom:graphics/normal-map-encoding: 01000000000000000000000000000000 -> 02000000000000000000000000000000
========================================================================
Received Import Request.
  Time since last request: 11.058800 seconds.
  path: Assets/Animation
  artifactKey: Guid(9db1e5cedd41396499233cd47125ad91) Importer(815301076,1909f56bfc062723c751e8b465ee728b)
Start importing Assets/Animation using Guid(9db1e5cedd41396499233cd47125ad91) Importer(815301076,1909f56bfc062723c751e8b465ee728b)  -> (artifact id: 'cf6cd848107d79ca1725d0097765b4db') in 0.010730 seconds
  Import took 0.014527 seconds .

========================================================================
Received Import Request.
  Time since last request: 19.816642 seconds.
  path: Assets/Animation/Optionbutton.controller
  artifactKey: Guid(8009003e99852f043814edf88c8c63b8) Importer(815301076,1909f56bfc062723c751e8b465ee728b)
Start importing Assets/Animation/Optionbutton.controller using Guid(8009003e99852f043814edf88c8c63b8) Importer(815301076,1909f56bfc062723c751e8b465ee728b)  -> (artifact id: '38daf649fc457b0517ca7ae1815852f7') in 0.021400 seconds
  Import took 0.026835 seconds .

========================================================================
Received Prepare
Registering precompiled user dll's ...
Registered in 0.005414 seconds.
Begin MonoManager ReloadAssembly
Native extension for WindowsStandalone target not found
Refreshing native plugins compatible for Editor in 0.53 ms, found 3 plugins.
Preloading 0 native plugins for Editor in 0.00 ms.
Mono: successfully reloaded assembly
- Completed reload, in  1.211 seconds
Platform modules already initialized, skipping
Switching build target platform(19) subTarget(0) extendedPlatform(0) -> platform(13) subTarget(537395200) extendedPlatform(0)
Refreshing native plugins compatible for Editor in 0.48 ms, found 3 plugins.
Preloading 0 native plugins for Editor in 0.00 ms.
Unloading 2074 Unused Serialized files (Serialized files now loaded: 0)
System memory in use before: 95.4 MB.
System memory in use after: 95.5 MB.

Unloading 17 unused Assets to reduce memory usage. Loaded Objects now: 2540.
Total: 2.641900 ms (FindLiveObjects: 0.202800 ms CreateObjectMapping: 0.092300 ms MarkObjects: 2.309800 ms  DeleteObjects: 0.035900 ms)

AssetImportParameters requested are different than current active one (requested -> active):
  custom:graphics/normal-map-encoding: 01000000000000000000000000000000 -> 02000000000000000000000000000000
========================================================================
Received Prepare
Registering precompiled user dll's ...
Registered in 0.006266 seconds.
Begin MonoManager ReloadAssembly
Native extension for WindowsStandalone target not found
Refreshing native plugins compatible for Editor in 0.47 ms, found 3 plugins.
Preloading 0 native plugins for Editor in 0.00 ms.
Mono: successfully reloaded assembly
- Completed reload, in  1.199 seconds
Platform modules already initialized, skipping
Switching build target platform(19) subTarget(0) extendedPlatform(0) -> platform(13) subTarget(537395200) extendedPlatform(0)
Refreshing native plugins compatible for Editor in 0.47 ms, found 3 plugins.
Preloading 0 native plugins for Editor in 0.00 ms.
Unloading 2074 Unused Serialized files (Serialized files now loaded: 0)
System memory in use before: 95.4 MB.
System memory in use after: 95.5 MB.

Unloading 17 unused Assets to reduce memory usage. Loaded Objects now: 2543.
Total: 3.023200 ms (FindLiveObjects: 0.388900 ms CreateObjectMapping: 0.117300 ms MarkObjects: 2.476800 ms  DeleteObjects: 0.038800 ms)

AssetImportParameters requested are different than current active one (requested -> active):
  custom:graphics/normal-map-encoding: 01000000000000000000000000000000 -> 02000000000000000000000000000000
========================================================================
Received Import Request.
  Time since last request: 266.873870 seconds.
  path: Assets/Animation/Optionbutton.controller
  artifactKey: Guid(8009003e99852f043814edf88c8c63b8) Importer(815301076,1909f56bfc062723c751e8b465ee728b)
Start importing Assets/Animation/Optionbutton.controller using Guid(8009003e99852f043814edf88c8c63b8) Importer(815301076,1909f56bfc062723c751e8b465ee728b)  -> (artifact id: '72e8599cbc8d74044ebb72bbeb3dab14') in 0.017544 seconds
  Import took 0.022000 seconds .

========================================================================
Received Prepare
Registering precompiled user dll's ...
Registered in 0.004901 seconds.
Begin MonoManager ReloadAssembly
Native extension for WindowsStandalone target not found
Refreshing native plugins compatible for Editor in 0.47 ms, found 3 plugins.
Preloading 0 native plugins for Editor in 0.00 ms.
Mono: successfully reloaded assembly
- Completed reload, in  1.173 seconds
Platform modules already initialized, skipping
Switching build target platform(19) subTarget(0) extendedPlatform(0) -> platform(13) subTarget(537395200) extendedPlatform(0)
Refreshing native plugins compatible for Editor in 0.48 ms, found 3 plugins.
Preloading 0 native plugins for Editor in 0.00 ms.
Unloading 2074 Unused Serialized files (Serialized files now loaded: 0)
System memory in use before: 95.5 MB.
System memory in use after: 95.6 MB.

Unloading 17 unused Assets to reduce memory usage. Loaded Objects now: 2546.
Total: 2.511900 ms (FindLiveObjects: 0.211800 ms CreateObjectMapping: 0.101100 ms MarkObjects: 2.176200 ms  DeleteObjects: 0.021400 ms)

AssetImportParameters requested are different than current active one (requested -> active):
  custom:graphics/normal-map-encoding: 01000000000000000000000000000000 -> 02000000000000000000000000000000
========================================================================
Received Prepare
Registering precompiled user dll's ...
Registered in 0.005567 seconds.
Begin MonoManager ReloadAssembly
Native extension for WindowsStandalone target not found
Refreshing native plugins compatible for Editor in 0.51 ms, found 3 plugins.
Preloading 0 native plugins for Editor in 0.00 ms.
Mono: successfully reloaded assembly
- Completed reload, in  1.200 seconds
Platform modules already initialized, skipping
Switching build target platform(19) subTarget(0) extendedPlatform(0) -> platform(13) subTarget(537395200) extendedPlatform(0)
Refreshing native plugins compatible for Editor in 0.47 ms, found 3 plugins.
Preloading 0 native plugins for Editor in 0.00 ms.
Unloading 2074 Unused Serialized files (Serialized files now loaded: 0)
System memory in use before: 95.5 MB.
System memory in use after: 95.6 MB.

Unloading 17 unused Assets to reduce memory usage. Loaded Objects now: 2549.
Total: 2.393000 ms (FindLiveObjects: 0.204300 ms CreateObjectMapping: 0.092300 ms MarkObjects: 2.076100 ms  DeleteObjects: 0.019500 ms)

AssetImportParameters requested are different than current active one (requested -> active):
  custom:graphics/normal-map-encoding: 01000000000000000000000000000000 -> 02000000000000000000000000000000
========================================================================
Received Prepare
Registering precompiled user dll's ...
Registered in 0.005122 seconds.
Begin MonoManager ReloadAssembly
Native extension for WindowsStandalone target not found
Refreshing native plugins compatible for Editor in 0.50 ms, found 3 plugins.
Preloading 0 native plugins for Editor in 0.00 ms.
Mono: successfully reloaded assembly
- Completed reload, in  1.157 seconds
Platform modules already initialized, skipping
Switching build target platform(19) subTarget(0) extendedPlatform(0) -> platform(13) subTarget(537395200) extendedPlatform(0)
Refreshing native plugins compatible for Editor in 0.52 ms, found 3 plugins.
Preloading 0 native plugins for Editor in 0.00 ms.
Unloading 2074 Unused Serialized files (Serialized files now loaded: 0)
System memory in use before: 95.5 MB.
System memory in use after: 95.6 MB.

Unloading 17 unused Assets to reduce memory usage. Loaded Objects now: 2552.
Total: 2.384600 ms (FindLiveObjects: 0.195800 ms CreateObjectMapping: 0.117600 ms MarkObjects: 2.051100 ms  DeleteObjects: 0.018600 ms)

AssetImportParameters requested are different than current active one (requested -> active):
  custom:graphics/normal-map-encoding: 01000000000000000000000000000000 -> 02000000000000000000000000000000
========================================================================
Received Import Request.
  Time since last request: 164.526137 seconds.
  path: Assets/Animation/Optionbutton 2.controller
  artifactKey: Guid(0a49f6da61082c1498b9549869c67bf9) Importer(815301076,1909f56bfc062723c751e8b465ee728b)
Start importing Assets/Animation/Optionbutton 2.controller using Guid(0a49f6da61082c1498b9549869c67bf9) Importer(815301076,1909f56bfc062723c751e8b465ee728b)  -> (artifact id: 'c8c3735ec2d67c31d81c128663d30d6a') in 0.023108 seconds
  Import took 0.027445 seconds .

========================================================================
Received Import Request.
  Time since last request: 0.966285 seconds.
  path: Assets/Animation/Optionbutton 3.controller
  artifactKey: Guid(cb6eab56bb372d04792a900c7443b7cb) Importer(815301076,1909f56bfc062723c751e8b465ee728b)
Start importing Assets/Animation/Optionbutton 3.controller using Guid(cb6eab56bb372d04792a900c7443b7cb) Importer(815301076,1909f56bfc062723c751e8b465ee728b)  -> (artifact id: 'e7808d59c07ba3f08aab5d8f6fafc73e') in 0.010380 seconds
  Import took 0.015019 seconds .

========================================================================
Received Import Request.
  Time since last request: 0.000757 seconds.
  path: Assets/Animation/Optionbutton 3.controller
  artifactKey: Guid(cb6eab56bb372d04792a900c7443b7cb) Importer(815301076,1909f56bfc062723c751e8b465ee728b)
Start importing Assets/Animation/Optionbutton 3.controller using Guid(cb6eab56bb372d04792a900c7443b7cb) Importer(815301076,1909f56bfc062723c751e8b465ee728b)  -> (artifact id: 'e7808d59c07ba3f08aab5d8f6fafc73e') in 0.005390 seconds
  Import took 0.009953 seconds .

========================================================================
Received Import Request.
  Time since last request: 1.591487 seconds.
  path: Assets/Animation/Optionbutton 4.controller
  artifactKey: Guid(b101d64fbae842540ba60347c2a755e3) Importer(815301076,1909f56bfc062723c751e8b465ee728b)
Start importing Assets/Animation/Optionbutton 4.controller using Guid(b101d64fbae842540ba60347c2a755e3) Importer(815301076,1909f56bfc062723c751e8b465ee728b)  -> (artifact id: '2d0f7f1061124d48104a16d6cc5093d9') in 0.009574 seconds
  Import took 0.014222 seconds .

========================================================================
Received Import Request.
  Time since last request: 0.001141 seconds.
  path: Assets/Animation/Optionbutton 4.controller
  artifactKey: Guid(b101d64fbae842540ba60347c2a755e3) Importer(815301076,1909f56bfc062723c751e8b465ee728b)
Start importing Assets/Animation/Optionbutton 4.controller using Guid(b101d64fbae842540ba60347c2a755e3) Importer(815301076,1909f56bfc062723c751e8b465ee728b)  -> (artifact id: '2d0f7f1061124d48104a16d6cc5093d9') in 0.006123 seconds
  Import took 0.010456 seconds .

========================================================================
Received Import Request.
  Time since last request: 15.166317 seconds.
  path: Assets/Animation/Optionbutton 3.controller
  artifactKey: Guid(cb6eab56bb372d04792a900c7443b7cb) Importer(815301076,1909f56bfc062723c751e8b465ee728b)
Start importing Assets/Animation/Optionbutton 3.controller using Guid(cb6eab56bb372d04792a900c7443b7cb) Importer(815301076,1909f56bfc062723c751e8b465ee728b)  -> (artifact id: 'd87936aecdca7c009d0fa2a11187ddc6') in 0.004622 seconds
  Import took 0.009251 seconds .

========================================================================
Received Import Request.
  Time since last request: 0.001362 seconds.
  path: Assets/Animation/Optionbutton 3.controller
  artifactKey: Guid(cb6eab56bb372d04792a900c7443b7cb) Importer(815301076,1909f56bfc062723c751e8b465ee728b)
Start importing Assets/Animation/Optionbutton 3.controller using Guid(cb6eab56bb372d04792a900c7443b7cb) Importer(815301076,1909f56bfc062723c751e8b465ee728b)  -> (artifact id: 'd87936aecdca7c009d0fa2a11187ddc6') in 0.005069 seconds
  Import took 0.009844 seconds .

========================================================================
Received Import Request.
  Time since last request: 0.202195 seconds.
  path: Assets/Animation/Optionbutton 2.controller
  artifactKey: Guid(0a49f6da61082c1498b9549869c67bf9) Importer(815301076,1909f56bfc062723c751e8b465ee728b)
Start importing Assets/Animation/Optionbutton 2.controller using Guid(0a49f6da61082c1498b9549869c67bf9) Importer(815301076,1909f56bfc062723c751e8b465ee728b)  -> (artifact id: 'a8ad1176bdc0da91951f2c60537483a4') in 0.004778 seconds
  Import took 0.009404 seconds .

========================================================================
Received Import Request.
  Time since last request: 0.000797 seconds.
  path: Assets/Animation/Optionbutton 2.controller
  artifactKey: Guid(0a49f6da61082c1498b9549869c67bf9) Importer(815301076,1909f56bfc062723c751e8b465ee728b)
Start importing Assets/Animation/Optionbutton 2.controller using Guid(0a49f6da61082c1498b9549869c67bf9) Importer(815301076,1909f56bfc062723c751e8b465ee728b)  -> (artifact id: 'a8ad1176bdc0da91951f2c60537483a4') in 0.005803 seconds
  Import took 0.011178 seconds .

========================================================================
Received Import Request.
  Time since last request: 0.186200 seconds.
  path: Assets/Animation/Optionbutton 1.controller
  artifactKey: Guid(52ceceaa2772a0448b0b30e65ce466d8) Importer(815301076,1909f56bfc062723c751e8b465ee728b)
Start importing Assets/Animation/Optionbutton 1.controller using Guid(52ceceaa2772a0448b0b30e65ce466d8) Importer(815301076,1909f56bfc062723c751e8b465ee728b)  -> (artifact id: 'ff4fc0ca8be51b85c0656c3309d331a6') in 0.011047 seconds
  Import took 0.015348 seconds .

========================================================================
Received Import Request.
  Time since last request: 0.176502 seconds.
  path: Assets/Animation/Optionbutton.controller
  artifactKey: Guid(8009003e99852f043814edf88c8c63b8) Importer(815301076,1909f56bfc062723c751e8b465ee728b)
Start importing Assets/Animation/Optionbutton.controller using Guid(8009003e99852f043814edf88c8c63b8) Importer(815301076,1909f56bfc062723c751e8b465ee728b)  -> (artifact id: '396cba74c6b70856a2e24997b37f1483') in 0.004129 seconds
  Import took 0.008463 seconds .

========================================================================
Received Import Request.
  Time since last request: 0.001857 seconds.
  path: Assets/Animation/Optionbutton.controller
  artifactKey: Guid(8009003e99852f043814edf88c8c63b8) Importer(815301076,1909f56bfc062723c751e8b465ee728b)
Start importing Assets/Animation/Optionbutton.controller using Guid(8009003e99852f043814edf88c8c63b8) Importer(815301076,1909f56bfc062723c751e8b465ee728b)  -> (artifact id: '396cba74c6b70856a2e24997b37f1483') in 0.005617 seconds
  Import took 0.010529 seconds .

========================================================================
Received Prepare
Registering precompiled user dll's ...
Registered in 0.005316 seconds.
Begin MonoManager ReloadAssembly
Native extension for WindowsStandalone target not found
Refreshing native plugins compatible for Editor in 0.56 ms, found 3 plugins.
Preloading 0 native plugins for Editor in 0.00 ms.
Mono: successfully reloaded assembly
- Completed reload, in  1.223 seconds
Platform modules already initialized, skipping
Switching build target platform(19) subTarget(0) extendedPlatform(0) -> platform(13) subTarget(537395200) extendedPlatform(0)
Refreshing native plugins compatible for Editor in 0.47 ms, found 3 plugins.
Preloading 0 native plugins for Editor in 0.00 ms.
Unloading 2074 Unused Serialized files (Serialized files now loaded: 0)
System memory in use before: 95.5 MB.
System memory in use after: 95.6 MB.

Unloading 17 unused Assets to reduce memory usage. Loaded Objects now: 2555.
Total: 2.448000 ms (FindLiveObjects: 0.218000 ms CreateObjectMapping: 0.096000 ms MarkObjects: 2.110800 ms  DeleteObjects: 0.021800 ms)

AssetImportParameters requested are different than current active one (requested -> active):
  custom:graphics/normal-map-encoding: 01000000000000000000000000000000 -> 02000000000000000000000000000000
========================================================================
Received Prepare
Registering precompiled user dll's ...
Registered in 0.005052 seconds.
Begin MonoManager ReloadAssembly
Native extension for WindowsStandalone target not found
Refreshing native plugins compatible for Editor in 0.55 ms, found 3 plugins.
Preloading 0 native plugins for Editor in 0.00 ms.
Mono: successfully reloaded assembly
- Completed reload, in  1.213 seconds
Platform modules already initialized, skipping
Switching build target platform(19) subTarget(0) extendedPlatform(0) -> platform(13) subTarget(537395200) extendedPlatform(0)
Refreshing native plugins compatible for Editor in 0.54 ms, found 3 plugins.
Preloading 0 native plugins for Editor in 0.00 ms.
Unloading 2074 Unused Serialized files (Serialized files now loaded: 0)
System memory in use before: 95.5 MB.
System memory in use after: 95.6 MB.

Unloading 17 unused Assets to reduce memory usage. Loaded Objects now: 2558.
Total: 2.782300 ms (FindLiveObjects: 0.262600 ms CreateObjectMapping: 0.127100 ms MarkObjects: 2.355800 ms  DeleteObjects: 0.035600 ms)

AssetImportParameters requested are different than current active one (requested -> active):
  custom:graphics/normal-map-encoding: 01000000000000000000000000000000 -> 02000000000000000000000000000000
========================================================================
Received Prepare
Registering precompiled user dll's ...
Registered in 0.008352 seconds.
Begin MonoManager ReloadAssembly
Native extension for WindowsStandalone target not found
Refreshing native plugins compatible for Editor in 0.50 ms, found 3 plugins.
Preloading 0 native plugins for Editor in 0.00 ms.
Mono: successfully reloaded assembly
- Completed reload, in  1.221 seconds
Platform modules already initialized, skipping
Switching build target platform(19) subTarget(0) extendedPlatform(0) -> platform(13) subTarget(537395200) extendedPlatform(0)
Refreshing native plugins compatible for Editor in 0.47 ms, found 3 plugins.
Preloading 0 native plugins for Editor in 0.00 ms.
Unloading 2074 Unused Serialized files (Serialized files now loaded: 0)
System memory in use before: 95.5 MB.
System memory in use after: 95.6 MB.

Unloading 17 unused Assets to reduce memory usage. Loaded Objects now: 2561.
Total: 2.610800 ms (FindLiveObjects: 0.212400 ms CreateObjectMapping: 0.096200 ms MarkObjects: 2.254400 ms  DeleteObjects: 0.046800 ms)

AssetImportParameters requested are different than current active one (requested -> active):
  custom:graphics/normal-map-encoding: 01000000000000000000000000000000 -> 02000000000000000000000000000000
========================================================================
Received Prepare
Registering precompiled user dll's ...
Registered in 0.005218 seconds.
Begin MonoManager ReloadAssembly
Native extension for WindowsStandalone target not found
Refreshing native plugins compatible for Editor in 0.50 ms, found 3 plugins.
Preloading 0 native plugins for Editor in 0.00 ms.
Mono: successfully reloaded assembly
- Completed reload, in  1.233 seconds
Platform modules already initialized, skipping
Switching build target platform(19) subTarget(0) extendedPlatform(0) -> platform(13) subTarget(537395200) extendedPlatform(0)
Refreshing native plugins compatible for Editor in 0.47 ms, found 3 plugins.
Preloading 0 native plugins for Editor in 0.00 ms.
Unloading 2074 Unused Serialized files (Serialized files now loaded: 0)
System memory in use before: 95.5 MB.
System memory in use after: 95.6 MB.

Unloading 17 unused Assets to reduce memory usage. Loaded Objects now: 2564.
Total: 2.477900 ms (FindLiveObjects: 0.287700 ms CreateObjectMapping: 0.097400 ms MarkObjects: 2.040600 ms  DeleteObjects: 0.051200 ms)

AssetImportParameters requested are different than current active one (requested -> active):
  custom:graphics/normal-map-encoding: 01000000000000000000000000000000 -> 02000000000000000000000000000000
========================================================================
Received Prepare
Registering precompiled user dll's ...
Registered in 0.005070 seconds.
Begin MonoManager ReloadAssembly
Native extension for WindowsStandalone target not found
Refreshing native plugins compatible for Editor in 0.51 ms, found 3 plugins.
Preloading 0 native plugins for Editor in 0.00 ms.
Mono: successfully reloaded assembly
- Completed reload, in  1.245 seconds
Platform modules already initialized, skipping
Switching build target platform(19) subTarget(0) extendedPlatform(0) -> platform(13) subTarget(537395200) extendedPlatform(0)
Refreshing native plugins compatible for Editor in 0.56 ms, found 3 plugins.
Preloading 0 native plugins for Editor in 0.00 ms.
Unloading 2074 Unused Serialized files (Serialized files now loaded: 0)
System memory in use before: 95.5 MB.
System memory in use after: 95.6 MB.

Unloading 17 unused Assets to reduce memory usage. Loaded Objects now: 2567.
Total: 2.705200 ms (FindLiveObjects: 0.219800 ms CreateObjectMapping: 0.103300 ms MarkObjects: 2.330300 ms  DeleteObjects: 0.036000 ms)

AssetImportParameters requested are different than current active one (requested -> active):
  custom:graphics/normal-map-encoding: 01000000000000000000000000000000 -> 02000000000000000000000000000000
========================================================================
Received Prepare
Registering precompiled user dll's ...
Registered in 0.006248 seconds.
Begin MonoManager ReloadAssembly
Native extension for WindowsStandalone target not found
Refreshing native plugins compatible for Editor in 0.47 ms, found 3 plugins.
Preloading 0 native plugins for Editor in 0.00 ms.
Mono: successfully reloaded assembly
- Completed reload, in  1.272 seconds
Platform modules already initialized, skipping
Switching build target platform(19) subTarget(0) extendedPlatform(0) -> platform(13) subTarget(537395200) extendedPlatform(0)
Refreshing native plugins compatible for Editor in 0.65 ms, found 3 plugins.
Preloading 0 native plugins for Editor in 0.00 ms.
Unloading 2074 Unused Serialized files (Serialized files now loaded: 0)
System memory in use before: 95.5 MB.
System memory in use after: 95.6 MB.

Unloading 17 unused Assets to reduce memory usage. Loaded Objects now: 2570.
Total: 2.535600 ms (FindLiveObjects: 0.220300 ms CreateObjectMapping: 0.092100 ms MarkObjects: 2.173100 ms  DeleteObjects: 0.049100 ms)

AssetImportParameters requested are different than current active one (requested -> active):
  custom:graphics/normal-map-encoding: 01000000000000000000000000000000 -> 02000000000000000000000000000000
========================================================================
Received Prepare
Registering precompiled user dll's ...
Registered in 0.005178 seconds.
Begin MonoManager ReloadAssembly
Native extension for WindowsStandalone target not found
Refreshing native plugins compatible for Editor in 0.54 ms, found 3 plugins.
Preloading 0 native plugins for Editor in 0.00 ms.
Mono: successfully reloaded assembly
- Completed reload, in  1.237 seconds
Platform modules already initialized, skipping
Switching build target platform(19) subTarget(0) extendedPlatform(0) -> platform(13) subTarget(537395200) extendedPlatform(0)
Refreshing native plugins compatible for Editor in 0.46 ms, found 3 plugins.
Preloading 0 native plugins for Editor in 0.00 ms.
Unloading 2074 Unused Serialized files (Serialized files now loaded: 0)
System memory in use before: 95.5 MB.
System memory in use after: 95.6 MB.

Unloading 17 unused Assets to reduce memory usage. Loaded Objects now: 2573.
Total: 2.480700 ms (FindLiveObjects: 0.186600 ms CreateObjectMapping: 0.082800 ms MarkObjects: 2.161000 ms  DeleteObjects: 0.037100 ms)

AssetImportParameters requested are different than current active one (requested -> active):
  custom:graphics/normal-map-encoding: 01000000000000000000000000000000 -> 02000000000000000000000000000000
========================================================================
Received Prepare
Registering precompiled user dll's ...
Registered in 0.005867 seconds.
Begin MonoManager ReloadAssembly
Native extension for WindowsStandalone target not found
Refreshing native plugins compatible for Editor in 0.48 ms, found 3 plugins.
Preloading 0 native plugins for Editor in 0.00 ms.
Mono: successfully reloaded assembly
- Completed reload, in  1.350 seconds
Platform modules already initialized, skipping
Switching build target platform(19) subTarget(0) extendedPlatform(0) -> platform(13) subTarget(537395200) extendedPlatform(0)
Refreshing native plugins compatible for Editor in 0.48 ms, found 3 plugins.
Preloading 0 native plugins for Editor in 0.00 ms.
Unloading 2074 Unused Serialized files (Serialized files now loaded: 0)
System memory in use before: 95.5 MB.
System memory in use after: 95.6 MB.

Unloading 17 unused Assets to reduce memory usage. Loaded Objects now: 2576.
Total: 2.527200 ms (FindLiveObjects: 0.225800 ms CreateObjectMapping: 0.105400 ms MarkObjects: 2.175400 ms  DeleteObjects: 0.019100 ms)

AssetImportParameters requested are different than current active one (requested -> active):
  custom:graphics/normal-map-encoding: 01000000000000000000000000000000 -> 02000000000000000000000000000000
========================================================================
Received Prepare
Registering precompiled user dll's ...
Registered in 0.004759 seconds.
Begin MonoManager ReloadAssembly
Native extension for WindowsStandalone target not found
Refreshing native plugins compatible for Editor in 0.52 ms, found 3 plugins.
Preloading 0 native plugins for Editor in 0.00 ms.
Mono: successfully reloaded assembly
- Completed reload, in  1.374 seconds
Platform modules already initialized, skipping
Switching build target platform(19) subTarget(0) extendedPlatform(0) -> platform(13) subTarget(537395200) extendedPlatform(0)
Refreshing native plugins compatible for Editor in 0.45 ms, found 3 plugins.
Preloading 0 native plugins for Editor in 0.00 ms.
Unloading 2074 Unused Serialized files (Serialized files now loaded: 0)
System memory in use before: 95.5 MB.
System memory in use after: 95.6 MB.

Unloading 17 unused Assets to reduce memory usage. Loaded Objects now: 2579.
Total: 2.452300 ms (FindLiveObjects: 0.198400 ms CreateObjectMapping: 0.087300 ms MarkObjects: 2.148600 ms  DeleteObjects: 0.017100 ms)

AssetImportParameters requested are different than current active one (requested -> active):
  custom:graphics/normal-map-encoding: 01000000000000000000000000000000 -> 02000000000000000000000000000000
========================================================================
Received Prepare
Refreshing native plugins compatible for Editor in 4.59 ms, found 3 plugins.
Preloading 0 native plugins for Editor in 0.00 ms.
Unloading 15 Unused Serialized files (Serialized files now loaded: 0)
System memory in use before: 54.9 MB.
System memory in use after: 55.1 MB.

Unloading 14 unused Assets to reduce memory usage. Loaded Objects now: 2579.
Total: 2.466100 ms (FindLiveObjects: 0.207800 ms CreateObjectMapping: 0.097900 ms MarkObjects: 2.141500 ms  DeleteObjects: 0.017700 ms)

========================================================================
Received Import Request.
  Time since last request: 1290.545755 seconds.
  path: Assets/fonts
  artifactKey: Guid(2b3baee0dfcf01c4894f8af63af05e74) Importer(815301076,1909f56bfc062723c751e8b465ee728b)
Start importing Assets/fonts using Guid(2b3baee0dfcf01c4894f8af63af05e74) Importer(815301076,1909f56bfc062723c751e8b465ee728b)  -> (artifact id: 'a03ed3d22f84a4b6481891523b42e3ee') in 0.009514 seconds
  Import took 0.014687 seconds .

========================================================================
Received Import Request.
  Time since last request: 4.924680 seconds.
  path: Assets/fonts/SFUIText-Bold.otf
  artifactKey: Guid(23f197d3f228ca440b1485fb2d7a0976) Importer(815301076,1909f56bfc062723c751e8b465ee728b)
Start importing Assets/fonts/SFUIText-Bold.otf using Guid(23f197d3f228ca440b1485fb2d7a0976) Importer(815301076,1909f56bfc062723c751e8b465ee728b)  -> (artifact id: 'ceebe59dc46fc3f52929d97fbacdab53') in 0.099222 seconds
  Import took 0.103502 seconds .

========================================================================
Received Import Request.
  Time since last request: 56.095229 seconds.
  path: Assets/fonts/SFUIText-BoldG3.otf
  artifactKey: Guid(eef63e920208bd94d8f4d891d152720b) Importer(815301076,1909f56bfc062723c751e8b465ee728b)
Start importing Assets/fonts/SFUIText-BoldG3.otf using Guid(eef63e920208bd94d8f4d891d152720b) Importer(815301076,1909f56bfc062723c751e8b465ee728b)  -> (artifact id: '3f9844ace708e10adb0c004db17d79d8') in 0.016558 seconds
  Import took 0.022726 seconds .

========================================================================
Received Import Request.
  Time since last request: 0.002496 seconds.
  path: Assets/fonts/SFUIText-BoldG3.otf
  artifactKey: Guid(eef63e920208bd94d8f4d891d152720b) Importer(815301076,1909f56bfc062723c751e8b465ee728b)
Start importing Assets/fonts/SFUIText-BoldG3.otf using Guid(eef63e920208bd94d8f4d891d152720b) Importer(815301076,1909f56bfc062723c751e8b465ee728b)  -> (artifact id: '3f9844ace708e10adb0c004db17d79d8') in 0.020000 seconds
  Import took 0.024204 seconds .

AssetImportWorkerClient::OnTransportError - code=2 error=End of file
