Using pre-set license
Built from '2020.3/staging' branch; Version is '2020.3.10f1 (297d780c91bc) revision 2719096'; Using compiler version '192528614'; Build Type 'Release'
OS: 'Windows 10 Pro; OS build 19042.985; Version 2009; 64bit' Language: 'en' Physical Memory: 16317 MB
BatchMode: 1, IsHumanControllingUs: 0, StartBugReporterOnCrash: 0, Is64bit: 1, IsPro: 0

 COMMAND LINE ARGUMENTS:
C:\Program Files\Unity\Hub\Editor\2020.3.10f1\Editor\Unity.exe
-adb2
-batchMode
-noUpm
-name
AssetImportWorker0
-projectPath
C:/Users/umesh/quizapp
-logFile
Logs/AssetImportWorker0.log
-srvPort
50152
Successfully changed project path to: C:/Users/umesh/quizapp
C:/Users/umesh/quizapp
Using Asset Import Pipeline V2.
Refreshing native plugins compatible for Editor in 53.30 ms, found 3 plugins.
Preloading 0 native plugins for Editor in 0.00 ms.
Initialize engine version: 2020.3.10f1 (297d780c91bc)
[Subsystems] Discovering subsystems at path C:/Program Files/Unity/Hub/Editor/2020.3.10f1/Editor/Data/Resources/UnitySubsystems
[Subsystems] Discovering subsystems at path C:/Users/umesh/quizapp/Assets
GfxDevice: creating device client; threaded=0
Direct3D:
    Version:  Direct3D 11.0 [level 11.1]
    Renderer: NVIDIA GeForce GTX 1060 3GB (ID=0x1c02)
    Vendor:   
    VRAM:     2988 MB
    Driver:   27.21.14.5671
Initialize mono
Mono path[0] = 'C:/Program Files/Unity/Hub/Editor/2020.3.10f1/Editor/Data/Managed'
Mono path[1] = 'C:/Program Files/Unity/Hub/Editor/2020.3.10f1/Editor/Data/MonoBleedingEdge/lib/mono/unityjit'
Mono config path = 'C:/Program Files/Unity/Hub/Editor/2020.3.10f1/Editor/Data/MonoBleedingEdge/etc'
Using monoOptions --debugger-agent=transport=dt_socket,embedding=1,server=y,suspend=n,address=127.0.0.1:56576
Begin MonoManager ReloadAssembly
Registering precompiled unity dll's ...
Register platform support module: C:/Program Files/Unity/Hub/Editor/2020.3.10f1/Editor/Data/PlaybackEngines/WindowsStandaloneSupport/UnityEditor.WindowsStandalone.Extensions.dll
Registered in 0.002268 seconds.
Native extension for WindowsStandalone target not found
Refreshing native plugins compatible for Editor in 45.35 ms, found 3 plugins.
Preloading 0 native plugins for Editor in 0.00 ms.
Mono: successfully reloaded assembly
- Completed reload, in  1.968 seconds
Platform modules already initialized, skipping
Registering precompiled user dll's ...
Registered in 0.005713 seconds.
Begin MonoManager ReloadAssembly
Native extension for WindowsStandalone target not found
Refreshing native plugins compatible for Editor in 50.67 ms, found 3 plugins.
Preloading 0 native plugins for Editor in 0.00 ms.
Mono: successfully reloaded assembly
- Completed reload, in  1.314 seconds
Platform modules already initialized, skipping
========================================================================
Worker process is ready to serve import requests
Launched and connected shader compiler UnityShaderCompiler.exe after 0.06 seconds
Refreshing native plugins compatible for Editor in 0.48 ms, found 3 plugins.
Preloading 0 native plugins for Editor in 0.00 ms.
Unloading 2080 Unused Serialized files (Serialized files now loaded: 0)
System memory in use before: 92.7 MB.
System memory in use after: 92.8 MB.

Unloading 28 unused Assets to reduce memory usage. Loaded Objects now: 2517.
Total: 2.812100 ms (FindLiveObjects: 0.193700 ms CreateObjectMapping: 0.083800 ms MarkObjects: 2.409600 ms  DeleteObjects: 0.123700 ms)

========================================================================
Received Import Request.
  path: Assets/quizgame/optionbutton.png
  artifactKey: Guid(00a37382747f1ab45b2ff258f7a08a30) Importer(815301076,1909f56bfc062723c751e8b465ee728b)
Start importing Assets/quizgame/optionbutton.png using Guid(00a37382747f1ab45b2ff258f7a08a30) Importer(815301076,1909f56bfc062723c751e8b465ee728b)  -> (artifact id: '069271579aa5a13118094933dc4e75da') in 0.254230 seconds
  Import took 0.258460 seconds .

========================================================================
Received Import Request.
  Time since last request: 0.000400 seconds.
  path: Assets/quizgame/bg.png
  artifactKey: Guid(e4f61a3246bbd1740b190e05901a2791) Importer(815301076,1909f56bfc062723c751e8b465ee728b)
Start importing Assets/quizgame/bg.png using Guid(e4f61a3246bbd1740b190e05901a2791) Importer(815301076,1909f56bfc062723c751e8b465ee728b)  -> (artifact id: '2be769a18080e9ff2f9bfaffec607ebe') in 0.035047 seconds
  Import took 0.039128 seconds .

========================================================================
Received Import Request.
  Time since last request: 0.000306 seconds.
  path: Assets/quizgame/test.png
  artifactKey: Guid(f3c03f030f24fc14ab068b861e182513) Importer(815301076,1909f56bfc062723c751e8b465ee728b)
Start importing Assets/quizgame/test.png using Guid(f3c03f030f24fc14ab068b861e182513) Importer(815301076,1909f56bfc062723c751e8b465ee728b)  -> (artifact id: '075cbbd2b92bc4b402bb3a42e5f45eee') in 0.016681 seconds
  Import took 0.021032 seconds .

========================================================================
Received Import Request.
  Time since last request: 0.000362 seconds.
  path: Assets/quizgame/homebutton.png
  artifactKey: Guid(291b569830e71fd47ae8c31604740952) Importer(815301076,1909f56bfc062723c751e8b465ee728b)
Start importing Assets/quizgame/homebutton.png using Guid(291b569830e71fd47ae8c31604740952) Importer(815301076,1909f56bfc062723c751e8b465ee728b)  -> (artifact id: '0ec3f1a632acb2f57bec0563c83731f9') in 0.017690 seconds
  Import took 0.022209 seconds .

========================================================================
Received Import Request.
  Time since last request: 0.000317 seconds.
  path: Assets/quizgame/bottompannel.png
  artifactKey: Guid(6fde947c34627d74d8cd249161d2bec5) Importer(815301076,1909f56bfc062723c751e8b465ee728b)
Start importing Assets/quizgame/bottompannel.png using Guid(6fde947c34627d74d8cd249161d2bec5) Importer(815301076,1909f56bfc062723c751e8b465ee728b)  -> (artifact id: '8880299c7acaaa72b25e574209964004') in 0.015967 seconds
  Import took 0.020404 seconds .

========================================================================
Received Prepare
Refreshing native plugins compatible for Editor in 4.72 ms, found 3 plugins.
Preloading 0 native plugins for Editor in 0.00 ms.
Unloading 15 Unused Serialized files (Serialized files now loaded: 0)
System memory in use before: 54.7 MB.
System memory in use after: 54.8 MB.

Unloading 14 unused Assets to reduce memory usage. Loaded Objects now: 2529.
Total: 2.892800 ms (FindLiveObjects: 0.195300 ms CreateObjectMapping: 0.089000 ms MarkObjects: 2.579600 ms  DeleteObjects: 0.027800 ms)

========================================================================
Received Prepare
Refreshing native plugins compatible for Editor in 5.97 ms, found 3 plugins.
Preloading 0 native plugins for Editor in 0.00 ms.
Unloading 15 Unused Serialized files (Serialized files now loaded: 0)
System memory in use before: 54.7 MB.
System memory in use after: 54.8 MB.

Unloading 14 unused Assets to reduce memory usage. Loaded Objects now: 2529.
Total: 3.608800 ms (FindLiveObjects: 0.262200 ms CreateObjectMapping: 0.111000 ms MarkObjects: 3.208100 ms  DeleteObjects: 0.026200 ms)

========================================================================
Received Prepare
Refreshing native plugins compatible for Editor in 4.03 ms, found 3 plugins.
Preloading 0 native plugins for Editor in 0.00 ms.
Unloading 15 Unused Serialized files (Serialized files now loaded: 0)
System memory in use before: 54.7 MB.
System memory in use after: 54.8 MB.

Unloading 14 unused Assets to reduce memory usage. Loaded Objects now: 2529.
Total: 4.354300 ms (FindLiveObjects: 0.258600 ms CreateObjectMapping: 0.107000 ms MarkObjects: 3.941800 ms  DeleteObjects: 0.045200 ms)

========================================================================
Received Prepare
Refreshing native plugins compatible for Editor in 4.32 ms, found 3 plugins.
Preloading 0 native plugins for Editor in 0.00 ms.
Unloading 15 Unused Serialized files (Serialized files now loaded: 0)
System memory in use before: 54.7 MB.
System memory in use after: 54.8 MB.

Unloading 14 unused Assets to reduce memory usage. Loaded Objects now: 2529.
Total: 3.564600 ms (FindLiveObjects: 0.246200 ms CreateObjectMapping: 0.106600 ms MarkObjects: 3.183900 ms  DeleteObjects: 0.026300 ms)

AssetImportWorkerClient::OnTransportError - code=2 error=End of file
